[c0171:14231] [[37042,0],0] ORTE_ERROR_LOG: Out of resource in file ../../openmpi-3.1.2/orte/util/show_help.c at line 501
--------------------------------------------------------------------------
[[37042,1],2]: A high-performance Open MPI point-to-point messaging module
was unable to find any relevant network interfaces:

Module: OpenFabrics (openib)
  Host: c0173

Another transport will be used instead, although this may result in
lower performance.

NOTE: You can disable this warning by setting the MCA parameter
btl_base_warn_component_unused to 0.
--------------------------------------------------------------------------
Pi at Rank 0= 3.1712
Pi at Rank 2= 3.1576
Pi at Rank 1= 3.1712
Pi at Rank 3= 3.1524
Pi at Rank 4= 3.1352
Pi at Rank 7= 3.1484
Pi at Rank 5= 3.1748
Pi at Rank 6= 3.1244
pi= 3.1544
approx. accuracy= ~99.5923
number of ranks: 8
darts thrown per rank: 10000
execution time (microseconds): 247593
[c0171:14231] 6 more processes have sent help message help-mpi-btl-base.txt / btl:no-nics
[c0171:14231] Set MCA parameter "orte_base_help_aggregate" to 0 to see all help / error messages
